This is pdfTeX, Version 3.14159265-2.6-1.40.21 (MiKTeX 20.6.29) (preloaded format=pdflatex 2020.10.14)  10 DEC 2020 20:46
entering extended mode
**./blue_scribe.tex
(blue_scribe.tex
LaTeX2e <2020-02-02> patch level 5
L3 programming layer <2020-06-18>

! LaTeX Error: File `LaTeX-Classes/math-hw.cls' not found.

Type X to quit or <RETURN> to proceed,
or enter new name. (Default extension: cls)

Enter file name: 
! Emergency stop.
<read *> 
         
l.2 \usepackage
               {float}
*** (cannot \read from terminal in nonstop modes)

 
Here is how much of TeX's memory you used:
 25 strings out of 480790
 631 string characters out of 2896831
 238890 words of memory out of 3000000
 16134 multiletter control sequences out of 15000+200000
 532338 words of font info for 24 fonts, out of 3000000 for 9000
 1141 hyphenation exceptions out of 8191
 14i,0n,17p,92b,10s stack positions out of 5000i,500n,10000p,200000b,50000s
!  ==> Fatal error occurred, no output PDF file produced!
